<?xml version="1.0" encoding="UTF-8"?>
<!-- Generated by org.testng.reporters.JUnitXMLReporter -->
<testsuite ignored="2" hostname="LAPTOP-JBGDIS0P" failures="0" tests="6" name="Test" time="119.651" errors="0" timestamp="2024-08-14T17:35:48 IST">
  <testcase classname="com.comcats.crm.practixeContactTest.CreateContact1Test" name="createContactTest" time="10.892"/>
  <testcase classname="com.comcats.crm.practixeContactTest.CreateContact1Test" name="createContactWithOrganizationTest" time="20.63"/>
  <testcase classname="com.comcats.crm.practixeContactTest.CreateContact1Test" name="createcontactWithSupportDateTest" time="13.799"/>
  <testcase classname="cpm.comcat.crm.orgTest.CreateOrganization1Test" name="createOrganizationTest" time="11.717"/>
  <testcase classname="cpm.comcat.crm.orgTest.CreateOrganization1Test" name="createOrganizationWithIndustryType" time="11.148"/>
  <testcase classname="cpm.comcat.crm.orgTest.CreateOrganization1Test" name="createOrganizationWithPhonenumber" time="11.096"/>
  <testcase classname="com.comcast.crm.BaseUtility.SampleBaseClass" name="@AfterSuite configAC" time="0.0">
    <ignored/>
  </testcase> <!-- @AfterSuite configAC -->
  <testcase classname="com.comcast.crm.BaseUtility.SampleBaseClass" name="@BeforeSuite configBS" time="0.0">
    <ignored/>
  </testcase> <!-- @BeforeSuite configBS -->
</testsuite> <!-- Test -->
