<?xml version="1.0" encoding="UTF-8"?>
<!-- Generated by org.testng.reporters.JUnitXMLReporter -->
<testsuite ignored="0" hostname="LAPTOP-JBGDIS0P" failures="0" tests="3" name="Default test" time="75.26" errors="0" timestamp="2024-08-14T21:52:11 IST">
  <testcase classname="cpm.comcat.crm.orgTest.CreateOrganization1Test" name="createOrganizationTest" time="16.792"/>
  <testcase classname="cpm.comcat.crm.orgTest.CreateOrganization1Test" name="createOrganizationWithIndustryType" time="15.995"/>
  <testcase classname="cpm.comcat.crm.orgTest.CreateOrganization1Test" name="createOrganizationWithPhonenumber" time="15.635"/>
</testsuite> <!-- Default test -->
